==================================================

2025-04-01 17:57:29 | 📁 Начинаем сканирование директории: C:\Program Files\Apache24\htdocs\Lab7\src/../test_files
2025-04-01 17:57:29 |   📁 Сканирование директории: C:\Program Files\Apache24\htdocs\Lab7\src/../test_files
2025-04-01 17:57:29 |   📄 Найден подходящий файл: C:\Program Files\Apache24\htdocs\Lab7\src/../test_files\.ab.c
2025-04-01 17:57:29 |   ℹ️ Анализ файла: C:\Program Files\Apache24\htdocs\Lab7\src/../test_files\.ab.c (вложенность скобок: 6)
2025-04-01 17:57:29 |   ✅ Файл успешно удален: C:\Program Files\Apache24\htdocs\Lab7\src/../test_files\.ab.c
2025-04-01 17:57:29 |   📄 Найден подходящий файл: C:\Program Files\Apache24\htdocs\Lab7\src/../test_files\.xy.c
2025-04-01 17:57:29 |   ℹ️ Анализ файла: C:\Program Files\Apache24\htdocs\Lab7\src/../test_files\.xy.c (вложенность скобок: 3)
2025-04-01 17:57:29 |   ✅ Файл успешно удален: C:\Program Files\Apache24\htdocs\Lab7\src/../test_files\.xy.c
2025-04-01 17:57:29 |   📁 Найдена поддиректория: C:\Program Files\Apache24\htdocs\Lab7\src/../test_files\dir1
2025-04-01 17:57:29 |     📁 Сканирование директории: C:\Program Files\Apache24\htdocs\Lab7\src/../test_files\dir1
2025-04-01 17:57:29 |     📄 Найден подходящий файл: C:\Program Files\Apache24\htdocs\Lab7\src/../test_files\dir1\.cd.c
2025-04-01 17:57:29 |     ℹ️ Анализ файла: C:\Program Files\Apache24\htdocs\Lab7\src/../test_files\dir1\.cd.c (вложенность скобок: 7)
2025-04-01 17:57:29 |     ✅ Файл успешно удален: C:\Program Files\Apache24\htdocs\Lab7\src/../test_files\dir1\.cd.c
2025-04-01 17:57:29 |   📁 Найдена поддиректория: C:\Program Files\Apache24\htdocs\Lab7\src/../test_files\dir2
2025-04-01 17:57:29 |     📁 Сканирование директории: C:\Program Files\Apache24\htdocs\Lab7\src/../test_files\dir2
2025-04-01 17:57:29 |     📄 Найден подходящий файл: C:\Program Files\Apache24\htdocs\Lab7\src/../test_files\dir2\.ef.c
2025-04-01 17:57:29 |     ℹ️ Анализ файла: C:\Program Files\Apache24\htdocs\Lab7\src/../test_files\dir2\.ef.c (вложенность скобок: 4)
2025-04-01 17:57:29 |     ✅ Файл успешно удален: C:\Program Files\Apache24\htdocs\Lab7\src/../test_files\dir2\.ef.c
2025-04-01 17:57:29 | ℹ️ 
==================================================

2025-04-01 17:57:29 | ✅ Завершение обработки
2025-04-01 17:57:29 | ℹ️ ==================================================

